<?xml version="1.0" encoding="UTF-8"?>
<testng-results ignored="0" total="1" passed="1" failed="0" skipped="0">
  <reporter-output>
  </reporter-output>
  <suite started-at="2023-03-16T21:53:52 IST" name="Default suite" finished-at="2023-03-16T21:53:53 IST" duration-ms="1059">
    <groups>
    </groups>
    <test started-at="2023-03-16T21:53:52 IST" name="Default test" finished-at="2023-03-16T21:53:53 IST" duration-ms="1059">
      <class name="SumValidation">
        <test-method signature="sumOfCourses()[pri:0, instance:SumValidation@29d89d5d]" started-at="2023-03-16T21:53:52 IST" name="sumOfCourses" finished-at="2023-03-16T21:53:53 IST" duration-ms="1025" status="PASS">
          <reporter-output>
          </reporter-output>
        </test-method> <!-- sumOfCourses -->
      </class> <!-- SumValidation -->
    </test> <!-- Default test -->
  </suite> <!-- Default suite -->
</testng-results>
