<?xml version="1.0" encoding="UTF-8"?>
<testng-results ignored="0" total="3" passed="3" failed="0" skipped="0">
  <reporter-output>
  </reporter-output>
  <suite started-at="2023-03-19T13:22:05 IST" name="Default suite" finished-at="2023-03-19T13:22:07 IST" duration-ms="2538">
    <groups>
    </groups>
    <test started-at="2023-03-19T13:22:05 IST" name="Default test" finished-at="2023-03-19T13:22:07 IST" duration-ms="2538">
      <class name="Files.DynamicJson">
        <test-method signature="addBook(java.lang.String,java.lang.String)[pri:0, instance:Files.DynamicJson@3c73951]" started-at="2023-03-19T13:22:05 IST" name="addBook" data-provider="BooksData" finished-at="2023-03-19T13:22:07 IST" duration-ms="1952" status="PASS">
          <params>
            <param index="0">
              <value>
                <![CDATA[jnjhiuje]]>
              </value>
            </param>
            <param index="1">
              <value>
                <![CDATA[6bhg34772]]>
              </value>
            </param>
          </params>
          <reporter-output>
          </reporter-output>
        </test-method> <!-- addBook -->
        <test-method signature="addBook(java.lang.String,java.lang.String)[pri:0, instance:Files.DynamicJson@3c73951]" started-at="2023-03-19T13:22:07 IST" name="addBook" data-provider="BooksData" finished-at="2023-03-19T13:22:07 IST" duration-ms="279" status="PASS">
          <params>
            <param index="0">
              <value>
                <![CDATA[asdhbhkjfbw]]>
              </value>
            </param>
            <param index="1">
              <value>
                <![CDATA[2jgch342]]>
              </value>
            </param>
          </params>
          <reporter-output>
          </reporter-output>
        </test-method> <!-- addBook -->
        <test-method signature="addBook(java.lang.String,java.lang.String)[pri:0, instance:Files.DynamicJson@3c73951]" started-at="2023-03-19T13:22:07 IST" name="addBook" data-provider="BooksData" finished-at="2023-03-19T13:22:07 IST" duration-ms="254" status="PASS">
          <params>
            <param index="0">
              <value>
                <![CDATA[wedjjyjhfwef]]>
              </value>
            </param>
            <param index="1">
              <value>
                <![CDATA[2323jbjbu21]]>
              </value>
            </param>
          </params>
          <reporter-output>
          </reporter-output>
        </test-method> <!-- addBook -->
      </class> <!-- Files.DynamicJson -->
    </test> <!-- Default test -->
  </suite> <!-- Default suite -->
</testng-results>
