<?xml version="1.0" encoding="UTF-8"?>
<!-- Generated by org.testng.reporters.JUnitXMLReporter -->
<testsuite ignored="0" hostname="sanketlaptop-Latitude-3520" failures="0" tests="3" name="Default test" time="2.442" errors="0" timestamp="2023-03-17T22:49:27 IST">
  <testcase classname="Files.DynamicJson" name="addBook" time="1.894"/>
  <testcase classname="Files.DynamicJson" name="addBook" time="0.259"/>
  <testcase classname="Files.DynamicJson" name="addBook" time="0.242"/>
</testsuite> <!-- Default test -->
