<?xml version="1.0" encoding="UTF-8"?>
<!-- Generated by org.testng.reporters.JUnitXMLReporter -->
<testsuite ignored="0" hostname="sanketlaptop-Latitude-3520" failures="0" tests="3" name="Default test" time="2.538" errors="0" timestamp="2023-03-19T13:22:07 IST">
  <testcase classname="Files.DynamicJson" name="addBook" time="1.952"/>
  <testcase classname="Files.DynamicJson" name="addBook" time="0.279"/>
  <testcase classname="Files.DynamicJson" name="addBook" time="0.254"/>
</testsuite> <!-- Default test -->
